2025-04-24 11:34:55,156 - INFO - ===== Starting Admin Page Controls Test =====
2025-04-24 11:34:55,160 - INFO - Navigating to Admin Page...
2025-04-24 11:35:10,606 - INFO - ********** Starting test_login **********
2025-04-24 11:35:13,659 - INFO - Navigated to https://parabank.parasoft.com/parabank/index.htm
2025-04-24 11:35:14,079 - INFO - Entered Username
2025-04-24 11:35:14,507 - INFO - Entered Password
2025-04-24 11:35:15,850 - INFO - Clicked Login Button
2025-04-24 11:35:17,146 - INFO - Logged out successfully
2025-04-24 11:35:21,542 - INFO - ********** TC_CUST_01_OpenNewAccount STARTED **********
2025-04-24 11:35:24,413 - INFO - Navigated to ParaBank homepage
2025-04-24 11:35:27,380 - INFO - Navigated to 'Open New Account' page
2025-04-24 11:35:27,745 - INFO - Selected 'SAVINGS' account type
2025-04-24 11:35:27,980 - INFO - Selected existing account for funding
2025-04-24 11:35:28,325 - INFO - Clicked on 'Open New Account' button
2025-04-24 11:35:29,095 - INFO - ********** TC_CUST_01_OpenNewAccount COMPLETED SUCCESSFULLY **********
2025-04-24 11:36:14,441 - INFO - ===== Starting Admin Page Controls Test =====
2025-04-24 11:36:14,441 - INFO - Navigating to Admin Page...
2025-04-24 11:36:25,385 - INFO - ********** Starting test_login **********
2025-04-24 11:36:27,712 - INFO - Navigated to https://parabank.parasoft.com/parabank/index.htm
2025-04-24 11:36:28,153 - INFO - Entered Username
2025-04-24 11:36:32,611 - INFO - ********** TC_CUST_01_OpenNewAccount STARTED **********
2025-04-24 11:36:35,322 - INFO - Navigated to ParaBank homepage
2025-04-24 11:38:33,503 - INFO - ===== Starting Admin Page Controls Test =====
2025-04-24 11:38:33,503 - INFO - Navigating to Admin Page...
2025-04-24 11:38:35,679 - INFO - Clicking Initialize button...
2025-04-24 11:38:36,794 - INFO - Toggling SOAP service...
2025-04-24 11:38:37,219 - INFO - Selecting REST XML mode...
2025-04-24 11:38:37,557 - INFO - Selecting REST JSON mode...
2025-04-24 11:38:37,873 - INFO - Clicking Submit button...
2025-04-24 11:40:54,447 - INFO - ===== Starting Admin Page Controls Test =====
2025-04-24 11:40:54,450 - INFO - Navigating to Admin Page...
2025-04-24 11:40:56,674 - INFO - Clicking Initialize button...
2025-04-24 11:40:57,601 - INFO - Toggling SOAP service...
2025-04-24 11:40:58,106 - INFO - Selecting REST XML mode...
2025-04-24 11:40:58,430 - INFO - Selecting REST JSON mode...
2025-04-24 11:40:58,748 - INFO - Clicking Submit button...
2025-04-24 11:41:05,813 - INFO - ********** Starting test_login **********
2025-04-24 11:41:08,689 - INFO - Navigated to https://parabank.parasoft.com/parabank/index.htm
2025-04-24 11:41:09,115 - INFO - Entered Username
2025-04-24 11:41:09,558 - INFO - Entered Password
2025-04-24 11:41:10,875 - INFO - Clicked Login Button
2025-04-24 11:41:12,482 - INFO - Logged out successfully
2025-04-24 11:41:16,744 - INFO - ********** TC_CUST_01_OpenNewAccount STARTED **********
2025-04-24 11:41:20,260 - INFO - Navigated to ParaBank homepage
2025-04-24 11:41:23,517 - INFO - Navigated to 'Open New Account' page
2025-04-24 11:41:23,883 - INFO - Selected 'SAVINGS' account type
2025-04-24 11:41:24,108 - INFO - Selected existing account for funding
2025-04-24 11:41:24,427 - INFO - Clicked on 'Open New Account' button
2025-04-24 11:41:25,123 - INFO - ********** TC_CUST_01_OpenNewAccount COMPLETED SUCCESSFULLY **********
