2025-04-23 20:45:42,518 - INFO - ===== Starting Admin Page Controls Test =====
2025-04-23 20:45:42,518 - INFO - Navigating to Admin Page...
2025-04-23 20:45:45,536 - INFO - Clicking Initialize button...
2025-04-23 20:45:46,157 - INFO - Toggling SOAP service...
2025-04-23 20:45:56,646 - ERROR - Test Failed: Message: 
Stacktrace:
	GetHandleVerifier [0x00007FF661475305+78597]
	GetHandleVerifier [0x00007FF661475360+78688]
	(No symbol) [0x00007FF6612291AA]
	(No symbol) [0x00007FF66127F149]
	(No symbol) [0x00007FF66127F3FC]
	(No symbol) [0x00007FF6612D2467]
	(No symbol) [0x00007FF6612A712F]
	(No symbol) [0x00007FF6612CF2BB]
	(No symbol) [0x00007FF6612A6EC3]
	(No symbol) [0x00007FF6612703F8]
	(No symbol) [0x00007FF661271163]
	GetHandleVerifier [0x00007FF66171EEBD+2870973]
	GetHandleVerifier [0x00007FF661719668+2848360]
	GetHandleVerifier [0x00007FF661736943+2967875]
	GetHandleVerifier [0x00007FF66149014A+188746]
	GetHandleVerifier [0x00007FF66149842F+222255]
	GetHandleVerifier [0x00007FF66147D284+111236]
	GetHandleVerifier [0x00007FF66147D432+111666]
	GetHandleVerifier [0x00007FF661463559+5465]
	BaseThreadInitThunk [0x00007FFE83EF259D+29]
	RtlUserThreadStart [0x00007FFE8530AF38+40]

2025-04-23 20:46:03,348 - WARNING - Retrying (Retry(total=2, connect=None, read=None, redirect=None, status=None)) after connection broken by 'NewConnectionError('<urllib3.connection.HTTPConnection object at 0x0000019F762D4410>: Failed to establish a new connection: [WinError 10061] No connection could be made because the target machine actively refused it')': /session/9020c5cf96653541fa500f08cecbbd0b
2025-04-23 20:46:07,419 - WARNING - Retrying (Retry(total=1, connect=None, read=None, redirect=None, status=None)) after connection broken by 'NewConnectionError('<urllib3.connection.HTTPConnection object at 0x0000019F762D4380>: Failed to establish a new connection: [WinError 10061] No connection could be made because the target machine actively refused it')': /session/9020c5cf96653541fa500f08cecbbd0b
2025-04-23 20:46:11,521 - WARNING - Retrying (Retry(total=0, connect=None, read=None, redirect=None, status=None)) after connection broken by 'NewConnectionError('<urllib3.connection.HTTPConnection object at 0x0000019F762D4740>: Failed to establish a new connection: [WinError 10061] No connection could be made because the target machine actively refused it')': /session/9020c5cf96653541fa500f08cecbbd0b
